This file contains any messages produced by compilers while
running configure, to aid debugging if configure makes a mistake.

It was created by add_test configure 1.0, which was
generated by GNU Autoconf 2.69.  Invocation command line was

  $ ./configure 

## --------- ##
## Platform. ##
## --------- ##

hostname = bogon
uname -m = x86_64
uname -r = 15.6.0
uname -s = Darwin
uname -v = Darwin Kernel Version 15.6.0: Thu Jun 23 18:25:34 PDT 2016; root:xnu-3248.60.10~1/RELEASE_X86_64

/usr/bin/uname -p = i386
/bin/uname -X     = unknown

/bin/arch              = unknown
/usr/bin/arch -k       = unknown
/usr/convex/getsysinfo = unknown
/usr/bin/hostinfo      = Mach kernel version:
	 Darwin Kernel Version 15.6.0: Thu Jun 23 18:25:34 PDT 2016; root:xnu-3248.60.10~1/RELEASE_X86_64
Kernel configured for up to 8 processors.
4 processors are physically available.
8 processors are logically available.
Processor type: x86_64h (Intel x86-64h Haswell)
Processors active: 0 1 2 3 4 5 6 7
Primary memory available: 16.00 gigabytes
Default processor set: 262 tasks, 1463 threads, 8 processors
Load average: 2.80, Mach factor: 5.19
/bin/machine           = unknown
/usr/bin/oslevel       = unknown
/bin/universe          = unknown

PATH: /Users/duanzw/.nvm/versions/node/v6.3.1/bin
PATH: /Users/duanzw/bin
PATH: /Users/duanzw/env/apache-ant-1.9.4/bin
PATH: /usr/local/git/bin
PATH: /usr/local/bin
PATH: /usr/bin
PATH: /bin
PATH: /usr/sbin
PATH: /sbin
PATH: /opt/X11/bin
PATH: /usr/local/git/bin
PATH: /Users/duanzw/android/android-ndk-r10e
PATH: /Users/duanzw/android/android-ndk-r10e/toolchains/arm-linux-androideabi-4.9/prebuilt/darwin-x86_64/bin/
PATH: /Users/duanzw/android/android-sdk-macosx/platform-tools
PATH: /Users/duanzw/android/android-sdk-macosx/tools
PATH: /usr/local/opt/gettext/bin
PATH: /usr/local/mysql/bin
PATH: /Users/duanzw/project/erlang_install//bin
PATH: /Users/duanzw/project/ejabberd_install//sbin
PATH: /Users/duanzw/.gradle/wrapper/dists/gradle-2.2.1-bin/88n1whbyjvxg3s40jzz5ur27/gradle-2.2.1//bin
PATH: /Users/duanzw/Library/Python/2.7/bin


## ----------- ##
## Core tests. ##
## ----------- ##

configure:2081: checking for a BSD-compatible install
configure:2149: result: /usr/bin/install -c
configure:2160: checking whether build environment is sane
configure:2215: result: yes
configure:2366: checking for a thread-safe mkdir -p
configure:2405: result: ./install-sh -c -d
configure:2412: checking for gawk
configure:2442: result: no
configure:2412: checking for mawk
configure:2442: result: no
configure:2412: checking for nawk
configure:2442: result: no
configure:2412: checking for awk
configure:2428: found /usr/bin/awk
configure:2439: result: awk
configure:2450: checking whether make sets $(MAKE)
configure:2472: result: yes
configure:2501: checking whether make supports nested variables
configure:2518: result: yes
configure:2695: checking for gcc
configure:2711: found /usr/local/bin/gcc
configure:2722: result: gcc
configure:2951: checking for C compiler version
configure:2960: gcc --version >&5
Apple LLVM version 7.3.0 (clang-703.0.29)
Target: x86_64-apple-darwin15.6.0
Thread model: posix
InstalledDir: /Applications/Xcode.app/Contents/Developer/Toolchains/XcodeDefault.xctoolchain/usr/bin
Configured with: --prefix=/Applications/Xcode.app/Contents/Developer/usr --with-gxx-include-dir=/usr/include/c++/4.2.1
configure:2971: $? = 0
configure:2960: gcc -v >&5
Configured with: --prefix=/Applications/Xcode.app/Contents/Developer/usr --with-gxx-include-dir=/usr/include/c++/4.2.1
Apple LLVM version 7.3.0 (clang-703.0.29)
Target: x86_64-apple-darwin15.6.0
Thread model: posix
InstalledDir: /Applications/Xcode.app/Contents/Developer/Toolchains/XcodeDefault.xctoolchain/usr/bin
configure:2971: $? = 0
configure:2960: gcc -V >&5
clang: error: argument to '-V' is missing (expected 1 value)
clang: error: no input files
configure:2971: $? = 1
configure:2960: gcc -qversion >&5
clang: error: unknown argument: '-qversion'
clang: error: no input files
configure:2971: $? = 1
configure:2991: checking whether the C compiler works
configure:3013: gcc    conftest.c  >&5
configure:3017: $? = 0
configure:3065: result: yes
configure:3068: checking for C compiler default output file name
configure:3070: result: a.out
configure:3076: checking for suffix of executables
configure:3083: gcc -o conftest    conftest.c  >&5
configure:3087: $? = 0
configure:3109: result: 
configure:3131: checking whether we are cross compiling
configure:3139: gcc -o conftest    conftest.c  >&5
configure:3143: $? = 0
configure:3150: ./conftest
configure:3154: $? = 0
configure:3169: result: no
configure:3174: checking for suffix of object files
configure:3196: gcc -c   conftest.c >&5
configure:3200: $? = 0
configure:3221: result: o
configure:3225: checking whether we are using the GNU C compiler
configure:3244: gcc -c   conftest.c >&5
configure:3244: $? = 0
configure:3253: result: yes
configure:3262: checking whether gcc accepts -g
configure:3282: gcc -c -g  conftest.c >&5
configure:3282: $? = 0
configure:3323: result: yes
configure:3340: checking for gcc option to accept ISO C89
configure:3403: gcc  -c -g -O2  conftest.c >&5
configure:3403: $? = 0
configure:3416: result: none needed
configure:3441: checking whether gcc understands -c and -o together
configure:3463: gcc -c conftest.c -o conftest2.o
configure:3466: $? = 0
configure:3463: gcc -c conftest.c -o conftest2.o
configure:3466: $? = 0
configure:3478: result: yes
configure:3506: checking for style of include used by make
configure:3534: result: GNU
configure:3560: checking dependency style of gcc
configure:3671: result: gcc3
configure:3696: checking how to run the C preprocessor
configure:3727: gcc -E  conftest.c
configure:3727: $? = 0
configure:3741: gcc -E  conftest.c
conftest.c:11:10: fatal error: 'ac_nonexistent.h' file not found
#include <ac_nonexistent.h>
         ^
1 error generated.
configure:3741: $? = 1
configure: failed program was:
| /* confdefs.h */
| #define PACKAGE_NAME "add_test"
| #define PACKAGE_TARNAME "add_test"
| #define PACKAGE_VERSION "1.0"
| #define PACKAGE_STRING "add_test 1.0"
| #define PACKAGE_BUGREPORT "duanzhongwei@jcble.com"
| #define PACKAGE_URL ""
| #define PACKAGE "add_test"
| #define VERSION "1.0"
| /* end confdefs.h.  */
| #include <ac_nonexistent.h>
configure:3766: result: gcc -E
configure:3786: gcc -E  conftest.c
configure:3786: $? = 0
configure:3800: gcc -E  conftest.c
conftest.c:11:10: fatal error: 'ac_nonexistent.h' file not found
#include <ac_nonexistent.h>
         ^
1 error generated.
configure:3800: $? = 1
configure: failed program was:
| /* confdefs.h */
| #define PACKAGE_NAME "add_test"
| #define PACKAGE_TARNAME "add_test"
| #define PACKAGE_VERSION "1.0"
| #define PACKAGE_STRING "add_test 1.0"
| #define PACKAGE_BUGREPORT "duanzhongwei@jcble.com"
| #define PACKAGE_URL ""
| #define PACKAGE "add_test"
| #define VERSION "1.0"
| /* end confdefs.h.  */
| #include <ac_nonexistent.h>
configure:3829: checking for grep that handles long lines and -e
configure:3887: result: /usr/bin/grep
configure:3892: checking for egrep
configure:3954: result: /usr/bin/grep -E
configure:3959: checking for ANSI C header files
configure:3979: gcc -c -g -O2  conftest.c >&5
configure:3979: $? = 0
configure:4052: gcc -o conftest -g -O2   conftest.c  >&5
configure:4052: $? = 0
configure:4052: ./conftest
configure:4052: $? = 0
configure:4063: result: yes
configure:4076: checking for sys/types.h
configure:4076: gcc -c -g -O2  conftest.c >&5
configure:4076: $? = 0
configure:4076: result: yes
configure:4076: checking for sys/stat.h
configure:4076: gcc -c -g -O2  conftest.c >&5
configure:4076: $? = 0
configure:4076: result: yes
configure:4076: checking for stdlib.h
configure:4076: gcc -c -g -O2  conftest.c >&5
configure:4076: $? = 0
configure:4076: result: yes
configure:4076: checking for string.h
configure:4076: gcc -c -g -O2  conftest.c >&5
configure:4076: $? = 0
configure:4076: result: yes
configure:4076: checking for memory.h
configure:4076: gcc -c -g -O2  conftest.c >&5
configure:4076: $? = 0
configure:4076: result: yes
configure:4076: checking for strings.h
configure:4076: gcc -c -g -O2  conftest.c >&5
configure:4076: $? = 0
configure:4076: result: yes
configure:4076: checking for inttypes.h
configure:4076: gcc -c -g -O2  conftest.c >&5
configure:4076: $? = 0
configure:4076: result: yes
configure:4076: checking for stdint.h
configure:4076: gcc -c -g -O2  conftest.c >&5
configure:4076: $? = 0
configure:4076: result: yes
configure:4076: checking for unistd.h
configure:4076: gcc -c -g -O2  conftest.c >&5
configure:4076: $? = 0
configure:4076: result: yes
configure:4090: checking for stdlib.h
configure:4090: result: yes
configure:4149: checking for ranlib
configure:4165: found /usr/bin/ranlib
configure:4176: result: ranlib
configure:4311: checking that generated files are newer than configure
configure:4317: result: done
configure:4340: creating ./config.status

## ---------------------- ##
## Running config.status. ##
## ---------------------- ##

This file was extended by add_test config.status 1.0, which was
generated by GNU Autoconf 2.69.  Invocation command line was

  CONFIG_FILES    = 
  CONFIG_HEADERS  = 
  CONFIG_LINKS    = 
  CONFIG_COMMANDS = 
  $ ./config.status 

on bogon

config.status:854: creating Makefile
config.status:854: creating config.h
config.status:1035: config.h is unchanged
config.status:1083: executing depfiles commands

## ---------------- ##
## Cache variables. ##
## ---------------- ##

ac_cv_c_compiler_gnu=yes
ac_cv_env_CC_set=
ac_cv_env_CC_value=
ac_cv_env_CFLAGS_set=
ac_cv_env_CFLAGS_value=
ac_cv_env_CPPFLAGS_set=
ac_cv_env_CPPFLAGS_value=
ac_cv_env_CPP_set=
ac_cv_env_CPP_value=
ac_cv_env_LDFLAGS_set=
ac_cv_env_LDFLAGS_value=
ac_cv_env_LIBS_set=
ac_cv_env_LIBS_value=
ac_cv_env_build_alias_set=
ac_cv_env_build_alias_value=
ac_cv_env_host_alias_set=
ac_cv_env_host_alias_value=
ac_cv_env_target_alias_set=
ac_cv_env_target_alias_value=
ac_cv_header_inttypes_h=yes
ac_cv_header_memory_h=yes
ac_cv_header_stdc=yes
ac_cv_header_stdint_h=yes
ac_cv_header_stdlib_h=yes
ac_cv_header_string_h=yes
ac_cv_header_strings_h=yes
ac_cv_header_sys_stat_h=yes
ac_cv_header_sys_types_h=yes
ac_cv_header_unistd_h=yes
ac_cv_objext=o
ac_cv_path_EGREP='/usr/bin/grep -E'
ac_cv_path_GREP=/usr/bin/grep
ac_cv_path_install='/usr/bin/install -c'
ac_cv_prog_AWK=awk
ac_cv_prog_CPP='gcc -E'
ac_cv_prog_ac_ct_CC=gcc
ac_cv_prog_ac_ct_RANLIB=ranlib
ac_cv_prog_cc_c89=
ac_cv_prog_cc_g=yes
ac_cv_prog_make_make_set=yes
am_cv_CC_dependencies_compiler_type=gcc3
am_cv_make_support_nested_variables=yes
am_cv_prog_cc_c_o=yes

## ----------------- ##
## Output variables. ##
## ----------------- ##

ACLOCAL='${SHELL} /Users/duanzw/module/autotools/test_lib/missing aclocal-1.15'
AMDEPBACKSLASH='\'
AMDEP_FALSE='#'
AMDEP_TRUE=''
AMTAR='$${TAR-tar}'
AM_BACKSLASH='\'
AM_DEFAULT_V='$(AM_DEFAULT_VERBOSITY)'
AM_DEFAULT_VERBOSITY='1'
AM_V='$(V)'
AUTOCONF='${SHELL} /Users/duanzw/module/autotools/test_lib/missing autoconf'
AUTOHEADER='${SHELL} /Users/duanzw/module/autotools/test_lib/missing autoheader'
AUTOMAKE='${SHELL} /Users/duanzw/module/autotools/test_lib/missing automake-1.15'
AWK='awk'
CC='gcc'
CCDEPMODE='depmode=gcc3'
CFLAGS='-g -O2'
CPP='gcc -E'
CPPFLAGS=''
CYGPATH_W='echo'
DEFS='-DHAVE_CONFIG_H'
DEPDIR='.deps'
ECHO_C='\c'
ECHO_N=''
ECHO_T=''
EGREP='/usr/bin/grep -E'
EXEEXT=''
GREP='/usr/bin/grep'
INSTALL_DATA='${INSTALL} -m 644'
INSTALL_PROGRAM='${INSTALL}'
INSTALL_SCRIPT='${INSTALL}'
INSTALL_STRIP_PROGRAM='$(install_sh) -c -s'
LDFLAGS=''
LIBOBJS=''
LIBS=''
LTLIBOBJS=''
MAKEINFO='${SHELL} /Users/duanzw/module/autotools/test_lib/missing makeinfo'
MKDIR_P='./install-sh -c -d'
OBJEXT='o'
PACKAGE='add_test'
PACKAGE_BUGREPORT='duanzhongwei@jcble.com'
PACKAGE_NAME='add_test'
PACKAGE_STRING='add_test 1.0'
PACKAGE_TARNAME='add_test'
PACKAGE_URL=''
PACKAGE_VERSION='1.0'
PATH_SEPARATOR=':'
RANLIB='ranlib'
SET_MAKE=''
SHELL='/bin/sh'
STRIP=''
VERSION='1.0'
ac_ct_CC='gcc'
am__EXEEXT_FALSE=''
am__EXEEXT_TRUE='#'
am__fastdepCC_FALSE='#'
am__fastdepCC_TRUE=''
am__include='include'
am__isrc=''
am__leading_dot='.'
am__nodep='_no'
am__quote=''
am__tar='$${TAR-tar} chof - "$$tardir"'
am__untar='$${TAR-tar} xf -'
bindir='${exec_prefix}/bin'
build_alias=''
datadir='${datarootdir}'
datarootdir='${prefix}/share'
docdir='${datarootdir}/doc/${PACKAGE_TARNAME}'
dvidir='${docdir}'
exec_prefix='${prefix}'
host_alias=''
htmldir='${docdir}'
includedir='${prefix}/include'
infodir='${datarootdir}/info'
install_sh='${SHELL} /Users/duanzw/module/autotools/test_lib/install-sh'
libdir='${exec_prefix}/lib'
libexecdir='${exec_prefix}/libexec'
localedir='${datarootdir}/locale'
localstatedir='${prefix}/var'
mandir='${datarootdir}/man'
mkdir_p='$(MKDIR_P)'
oldincludedir='/usr/include'
pdfdir='${docdir}'
prefix='/usr/local'
program_transform_name='s,x,x,'
psdir='${docdir}'
sbindir='${exec_prefix}/sbin'
sharedstatedir='${prefix}/com'
sysconfdir='${prefix}/etc'
target_alias=''

## ----------- ##
## confdefs.h. ##
## ----------- ##

/* confdefs.h */
#define PACKAGE_NAME "add_test"
#define PACKAGE_TARNAME "add_test"
#define PACKAGE_VERSION "1.0"
#define PACKAGE_STRING "add_test 1.0"
#define PACKAGE_BUGREPORT "duanzhongwei@jcble.com"
#define PACKAGE_URL ""
#define PACKAGE "add_test"
#define VERSION "1.0"
#define STDC_HEADERS 1
#define HAVE_SYS_TYPES_H 1
#define HAVE_SYS_STAT_H 1
#define HAVE_STDLIB_H 1
#define HAVE_STRING_H 1
#define HAVE_MEMORY_H 1
#define HAVE_STRINGS_H 1
#define HAVE_INTTYPES_H 1
#define HAVE_STDINT_H 1
#define HAVE_UNISTD_H 1
#define HAVE_STDLIB_H 1

configure: exit 0
